0 info it worked if it ends with ok
1 verbose cli [ '/usr/local/bin/node', '/usr/local/bin/npm', 'run', 'watch' ]
2 info using npm@3.10.10
3 info using node@v6.11.4
4 verbose run-script [ 'prewatch', 'watch', 'postwatch' ]
5 info lifecycle time-out@1.0.0~prewatch: time-out@1.0.0
6 silly lifecycle time-out@1.0.0~prewatch: no script for prewatch, continuing
7 info lifecycle time-out@1.0.0~watch: time-out@1.0.0
8 verbose lifecycle time-out@1.0.0~watch: unsafe-perm in lifecycle true
9 verbose lifecycle time-out@1.0.0~watch: PATH: /usr/local/lib/node_modules/npm/bin/node-gyp-bin:/Users/james_holden/development/js_boilerplate/node_modules/.bin:/opt/boxen/pyenv/shims:/opt/boxen/pyenv/bin:bin:/opt/boxen/rbenv/shims:/opt/boxen/rbenv/bin:/opt/boxen/ruby-build/bin:/opt/boxen/homebrew/bin:/opt/boxen/homebrew/sbin:/opt/boxen/bin:/usr/local/bin:/usr/bin:/bin:/usr/sbin:/sbin:/usr/local/MacGPG2/bin:/usr/local/munki:/opt/vagrant/bin:/Users/james_holden/bin:/Users/james_holden/bin/dev-mac-osx-scripts
10 verbose lifecycle time-out@1.0.0~watch: CWD: /Users/james_holden/development/js_boilerplate
11 silly lifecycle time-out@1.0.0~watch: Args: [ '-c', 'webpack --watch' ]
12 silly lifecycle time-out@1.0.0~watch: Returned: code: 1  signal: null
13 info lifecycle time-out@1.0.0~watch: Failed to exec watch script
14 verbose stack Error: time-out@1.0.0 watch: `webpack --watch`
14 verbose stack Exit status 1
14 verbose stack     at EventEmitter.<anonymous> (/usr/local/lib/node_modules/npm/lib/utils/lifecycle.js:255:16)
14 verbose stack     at emitTwo (events.js:106:13)
14 verbose stack     at EventEmitter.emit (events.js:191:7)
14 verbose stack     at ChildProcess.<anonymous> (/usr/local/lib/node_modules/npm/lib/utils/spawn.js:40:14)
14 verbose stack     at emitTwo (events.js:106:13)
14 verbose stack     at ChildProcess.emit (events.js:191:7)
14 verbose stack     at maybeClose (internal/child_process.js:920:16)
14 verbose stack     at Process.ChildProcess._handle.onexit (internal/child_process.js:230:5)
15 verbose pkgid time-out@1.0.0
16 verbose cwd /Users/james_holden/development/js_boilerplate
17 error Darwin 16.6.0
18 error argv "/usr/local/bin/node" "/usr/local/bin/npm" "run" "watch"
19 error node v6.11.4
20 error npm  v3.10.10
21 error code ELIFECYCLE
22 error time-out@1.0.0 watch: `webpack --watch`
22 error Exit status 1
23 error Failed at the time-out@1.0.0 watch script 'webpack --watch'.
23 error Make sure you have the latest version of node.js and npm installed.
23 error If you do, this is most likely a problem with the time-out package,
23 error not with npm itself.
23 error Tell the author that this fails on your system:
23 error     webpack --watch
23 error You can get information on how to open an issue for this project with:
23 error     npm bugs time-out
23 error Or if that isn't available, you can get their info via:
23 error     npm owner ls time-out
23 error There is likely additional logging output above.
24 verbose exit [ 1, true ]
